<?xml version="1.0" encoding="UTF-8"?>
<testng-results skipped="0" failed="0" ignored="0" total="1" passed="1">
  <reporter-output>
  </reporter-output>
  <suite name="Default suite" duration-ms="10799" started-at="2022-03-19T11:01:22 PDT" finished-at="2022-03-19T11:01:33 PDT">
    <groups>
    </groups>
    <test name="Default test" duration-ms="10799" started-at="2022-03-19T11:01:22 PDT" finished-at="2022-03-19T11:01:33 PDT">
      <class name="test.AddCustomerTest">
        <test-method status="PASS" signature="validUserShouldBeAbleToCreateCustomer()[pri:0, instance:test.AddCustomerTest@77c2494c]" name="validUserShouldBeAbleToCreateCustomer" duration-ms="10761" started-at="2022-03-19T11:01:22 PDT" finished-at="2022-03-19T11:01:33 PDT">
          <reporter-output>
          </reporter-output>
        </test-method> <!-- validUserShouldBeAbleToCreateCustomer -->
      </class> <!-- test.AddCustomerTest -->
    </test> <!-- Default test -->
  </suite> <!-- Default suite -->
</testng-results>
